{
  "RSpec": {
    "coverage": {
      "/home/nakitto/odin_on_rails/Home-School-v2/spec/models/post_spec.rb": {
        "lines": [
          1,
          null,
          0,
          0,
          null
        ]
      },
      "/home/nakitto/odin_on_rails/Home-School-v2/config/environment.rb": {
        "lines": [
          null,
          1,
          null,
          null,
          1
        ]
      },
      "/home/nakitto/odin_on_rails/Home-School-v2/config/application.rb": {
        "lines": [
          1,
          null,
          1,
          null,
          null,
          null,
          1,
          null,
          1,
          1,
          null,
          1,
          null,
          null,
          null,
          null,
          null,
          null,
          null,
          null,
          null,
          null
        ]
      },
      "/home/nakitto/odin_on_rails/Home-School-v2/config/boot.rb": {
        "lines": [
          1,
          null,
          1,
          1
        ]
      },
      "/home/nakitto/odin_on_rails/Home-School-v2/config/environments/test.rb": {
        "lines": [
          1,
          null,
          null,
          null,
          null,
          null,
          null,
          1,
          null,
          null,
          1,
          1,
          null,
          null,
          null,
          null,
          1,
          null,
          null,
          1,
          1,
          null,
          null,
          null,
          null,
          1,
          1,
          1,
          null,
          null,
          1,
          null,
          null,
          1,
          null,
          null,
          1,
          null,
          1,
          null,
          null,
          null,
          null,
          1,
          null,
          null,
          1,
          null,
          null,
          1,
          null,
          null,
          1,
          null,
          null,
          null,
          null,
          null,
          null,
          null
        ]
      },
      "/home/nakitto/odin_on_rails/Home-School-v2/config/initializers/application_controller_renderer.rb": {
        "lines": [
          null,
          null,
          null,
          null,
          null,
          null,
          null,
          null
        ]
      },
      "/home/nakitto/odin_on_rails/Home-School-v2/config/initializers/assets.rb": {
        "lines": [
          null,
          null,
          null,
          1,
          null,
          null,
          null,
          null,
          1,
          null,
          null,
          null,
          null,
          null
        ]
      },
      "/home/nakitto/odin_on_rails/Home-School-v2/config/initializers/backtrace_silencers.rb": {
        "lines": [
          null,
          null,
          null,
          null,
          null,
          null,
          null,
          1
        ]
      },
      "/home/nakitto/odin_on_rails/Home-School-v2/config/initializers/content_security_policy.rb": {
        "lines": [
          null,
          null,
          null,
          null,
          null,
          null,
          null,
          null,
          null,
          null,
          null,
          null,
          null,
          null,
          null,
          null,
          null,
          null,
          null,
          null,
          null,
          null,
          null,
          null,
          null,
          null,
          null,
          null,
          null,
          null
        ]
      },
      "/home/nakitto/odin_on_rails/Home-School-v2/config/initializers/cookies_serializer.rb": {
        "lines": [
          null,
          null,
          null,
          null,
          1
        ]
      },
      "/home/nakitto/odin_on_rails/Home-School-v2/config/initializers/filter_parameter_logging.rb": {
        "lines": [
          null,
          null,
          null,
          1,
          null,
          null
        ]
      },
      "/home/nakitto/odin_on_rails/Home-School-v2/config/initializers/friendly_id.rb": {
        "lines": [
          null,
          null,
          null,
          null,
          null,
          null,
          null,
          null,
          null,
          null,
          null,
          1,
          null,
          null,
          null,
          null,
          0,
          null,
          0,
          null,
          null,
          null,
          null,
          null,
          null,
          null,
          null,
          null,
          null,
          null,
          null,
          null,
          null,
          null,
          null,
          null,
          null,
          null,
          null,
          null,
          null,
          null,
          null,
          null,
          null,
          null,
          null,
          null,
          null,
          null,
          null,
          null,
          null,
          null,
          null,
          null,
          null,
          null,
          null,
          null,
          null,
          null,
          null,
          null,
          null,
          null,
          null,
          null,
          null,
          null,
          null,
          null,
          null,
          null,
          null,
          null,
          null,
          null,
          null,
          null,
          null,
          null,
          null,
          null,
          null,
          null,
          null,
          null,
          null,
          null,
          null,
          null,
          null,
          null,
          null,
          null,
          null,
          null,
          null,
          null,
          null,
          null,
          null,
          null,
          null,
          null,
          null
        ]
      },
      "/home/nakitto/odin_on_rails/Home-School-v2/config/initializers/inflections.rb": {
        "lines": [
          null,
          null,
          null,
          null,
          null,
          null,
          null,
          null,
          null,
          null,
          null,
          null,
          null,
          null,
          null,
          null
        ]
      },
      "/home/nakitto/odin_on_rails/Home-School-v2/config/initializers/mime_types.rb": {
        "lines": [
          null,
          null,
          null,
          null
        ]
      },
      "/home/nakitto/odin_on_rails/Home-School-v2/config/initializers/new_framework_defaults_6_1.rb": {
        "lines": [
          null,
          null,
          null,
          null,
          null,
          null,
          null,
          null,
          null,
          null,
          null,
          null,
          null,
          null,
          null,
          null,
          null,
          null,
          null,
          null,
          null,
          null,
          null,
          null,
          null,
          null,
          null,
          null,
          null,
          null,
          null,
          null,
          null,
          null,
          null,
          null,
          null,
          null,
          null,
          null,
          null,
          null,
          null,
          null,
          null,
          null,
          null,
          null,
          null,
          null,
          null,
          null,
          null,
          null,
          null,
          null,
          null,
          null,
          null,
          null,
          null,
          null,
          null,
          null,
          null,
          null,
          null
        ]
      },
      "/home/nakitto/odin_on_rails/Home-School-v2/config/initializers/permissions_policy.rb": {
        "lines": [
          null,
          null,
          null,
          null,
          null,
          null,
          null,
          null,
          null,
          null,
          null
        ]
      },
      "/home/nakitto/odin_on_rails/Home-School-v2/config/initializers/wrap_parameters.rb": {
        "lines": [
          null,
          null,
          null,
          null,
          null,
          null,
          1,
          2,
          null,
          null,
          null,
          null,
          null,
          null
        ]
      },
      "/home/nakitto/odin_on_rails/Home-School-v2/config/routes.rb": {
        "lines": [
          1,
          1,
          1,
          1,
          null,
          1,
          null,
          1,
          1,
          1,
          null,
          null,
          1,
          1,
          1,
          null,
          null,
          null,
          1,
          1,
          1,
          1,
          1,
          1,
          1,
          1,
          1,
          1,
          1,
          null,
          1,
          1,
          null,
          1,
          1,
          null
        ]
      },
      "/home/nakitto/odin_on_rails/Home-School-v2/app/helpers/addresses_helper.rb": {
        "lines": [
          1,
          null
        ]
      },
      "/home/nakitto/odin_on_rails/Home-School-v2/app/helpers/admin_helper.rb": {
        "lines": [
          1,
          null
        ]
      },
      "/home/nakitto/odin_on_rails/Home-School-v2/app/helpers/admin_sessions_helper.rb": {
        "lines": [
          1,
          null
        ]
      },
      "/home/nakitto/odin_on_rails/Home-School-v2/app/helpers/application_helper.rb": {
        "lines": [
          1,
          null
        ]
      },
      "/home/nakitto/odin_on_rails/Home-School-v2/app/helpers/blacklists_helper.rb": {
        "lines": [
          1,
          null
        ]
      },
      "/home/nakitto/odin_on_rails/Home-School-v2/app/helpers/child_sessions_helper.rb": {
        "lines": [
          1,
          null
        ]
      },
      "/home/nakitto/odin_on_rails/Home-School-v2/app/helpers/children_helper.rb": {
        "lines": [
          1,
          null
        ]
      },
      "/home/nakitto/odin_on_rails/Home-School-v2/app/helpers/contacts_helper.rb": {
        "lines": [
          1,
          null
        ]
      },
      "/home/nakitto/odin_on_rails/Home-School-v2/app/helpers/conversations_helper.rb": {
        "lines": [
          1,
          null
        ]
      },
      "/home/nakitto/odin_on_rails/Home-School-v2/app/helpers/directions_helper.rb": {
        "lines": [
          1,
          null
        ]
      },
      "/home/nakitto/odin_on_rails/Home-School-v2/app/helpers/groups_helper.rb": {
        "lines": [
          1,
          null
        ]
      },
      "/home/nakitto/odin_on_rails/Home-School-v2/app/helpers/home_helper.rb": {
        "lines": [
          1,
          null
        ]
      },
      "/home/nakitto/odin_on_rails/Home-School-v2/app/helpers/messages_helper.rb": {
        "lines": [
          1,
          null
        ]
      },
      "/home/nakitto/odin_on_rails/Home-School-v2/app/helpers/password_resets_helper.rb": {
        "lines": [
          1,
          null
        ]
      },
      "/home/nakitto/odin_on_rails/Home-School-v2/app/helpers/posts_helper.rb": {
        "lines": [
          1,
          null
        ]
      },
      "/home/nakitto/odin_on_rails/Home-School-v2/app/helpers/profiles_helper.rb": {
        "lines": [
          1,
          null
        ]
      },
      "/home/nakitto/odin_on_rails/Home-School-v2/app/helpers/teacher_password_resets_helper.rb": {
        "lines": [
          1,
          null
        ]
      },
      "/home/nakitto/odin_on_rails/Home-School-v2/app/helpers/teacher_sessions_helper.rb": {
        "lines": [
          1,
          null
        ]
      },
      "/home/nakitto/odin_on_rails/Home-School-v2/app/helpers/teachers_helper.rb": {
        "lines": [
          1,
          null
        ]
      },
      "/home/nakitto/odin_on_rails/Home-School-v2/app/helpers/videos_helper.rb": {
        "lines": [
          1,
          null
        ]
      }
    },
    "timestamp": 1618260001
  }
}
